<?xml version="1.0" encoding="UTF-8"?>
<!-- Generated by org.testng.reporters.JUnitXMLReporter -->
<testsuite hostname="Darshan-PC" ignored="0" tests="1" failures="1" timestamp="01 Mar 2020 06:50:45 GMT" time="20.172" errors="0">
  <testcase name="test" time="20.113" classname="SampleTest">
    <failure type="org.openqa.selenium.SessionNotCreatedException" message="session not created
from chrome not reachable
  (Session info: chrome=80.0.3987.122)
Build info: version: &amp;apos;3.141.59&amp;apos;, revision: &amp;apos;e82be7d358&amp;apos;, time: &amp;apos;2018-11-14T08:17:03&amp;apos;
System info: host: &amp;apos;DARSHAN-PC&amp;apos;, ip: &amp;apos;192.168.43.15&amp;apos;, os.name: &amp;apos;Windows 10&amp;apos;, os.arch: &amp;apos;amd64&amp;apos;, os.version: &amp;apos;10.0&amp;apos;, java.version: &amp;apos;1.8.0_92&amp;apos;
Driver info: driver.version: ChromeDriver
remote stacktrace: Backtrace:
	Ordinal0 [0x00450C83+1707139]
	Ordinal0 [0x003B68F1+1075441]
	Ordinal0 [0x0032DE72+515698]
	Ordinal0 [0x00327CA8+490664]
	Ordinal0 [0x0032839B+492443]
	Ordinal0 [0x003292F5+496373]
	Ordinal0 [0x00324F05+478981]
	Ordinal0 [0x0032ECA0+519328]
	Ordinal0 [0x002DCA67+182887]
	Ordinal0 [0x002DBDDD+179677]
	Ordinal0 [0x002D9D4B+171339]
	Ordinal0 [0x002C1D4A+73034]
	Ordinal0 [0x002C2DC0+77248]
	Ordinal0 [0x002C2D59+77145]
	Ordinal0 [0x003CBB67+1162087]
	GetHandleVerifier [0x004EA966+508998]
	GetHandleVerifier [0x004EA6A4+508292]
	GetHandleVerifier [0x004FF7B7+594583]
	GetHandleVerifier [0x004EB1D6+511158]
	Ordinal0 [0x003C402C+1130540]
	Ordinal0 [0x003CD4CB+1168587]
	Ordinal0 [0x003CD633+1168947]
	Ordinal0 [0x003E5B35+1268533]
	BaseThreadInitThunk [0x75BF6359+25]
	RtlGetAppContainerNamedObjectPath [0x775D7B74+228]
	RtlGetAppContainerNamedObjectPath [0x775D7B44+180]
">
      <![CDATA[org.openqa.selenium.SessionNotCreatedException: session not created
from chrome not reachable
  (Session info: chrome=80.0.3987.122)
Build info: version: '3.141.59', revision: 'e82be7d358', time: '2018-11-14T08:17:03'
System info: host: 'DARSHAN-PC', ip: '192.168.43.15', os.name: 'Windows 10', os.arch: 'amd64', os.version: '10.0', java.version: '1.8.0_92'
Driver info: driver.version: ChromeDriver
remote stacktrace: Backtrace:
Ordinal0 [0x00450C83+1707139]
Ordinal0 [0x003B68F1+1075441]
Ordinal0 [0x0032DE72+515698]
Ordinal0 [0x00327CA8+490664]
Ordinal0 [0x0032839B+492443]
Ordinal0 [0x003292F5+496373]
Ordinal0 [0x00324F05+478981]
Ordinal0 [0x0032ECA0+519328]
Ordinal0 [0x002DCA67+182887]
Ordinal0 [0x002DBDDD+179677]
Ordinal0 [0x002D9D4B+171339]
Ordinal0 [0x002C1D4A+73034]
Ordinal0 [0x002C2DC0+77248]
Ordinal0 [0x002C2D59+77145]
Ordinal0 [0x003CBB67+1162087]
GetHandleVerifier [0x004EA966+508998]
GetHandleVerifier [0x004EA6A4+508292]
GetHandleVerifier [0x004FF7B7+594583]
GetHandleVerifier [0x004EB1D6+511158]
Ordinal0 [0x003C402C+1130540]
Ordinal0 [0x003CD4CB+1168587]
Ordinal0 [0x003CD633+1168947]
Ordinal0 [0x003E5B35+1268533]
BaseThreadInitThunk [0x75BF6359+25]
RtlGetAppContainerNamedObjectPath [0x775D7B74+228]
RtlGetAppContainerNamedObjectPath [0x775D7B44+180]

at org.openqa.selenium.remote.W3CHandshakeResponse.lambda$errorHandler$0(W3CHandshakeResponse.java:62)
at org.openqa.selenium.remote.HandshakeResponse.lambda$getResponseFunction$0(HandshakeResponse.java:30)
at org.openqa.selenium.remote.ProtocolHandshake.lambda$createSession$0(ProtocolHandshake.java:126)
at java.util.stream.ReferencePipeline$3$1.accept(ReferencePipeline.java:193)
at java.util.Spliterators$ArraySpliterator.tryAdvance(Spliterators.java:958)
at java.util.stream.ReferencePipeline.forEachWithCancel(ReferencePipeline.java:126)
at java.util.stream.AbstractPipeline.copyIntoWithCancel(AbstractPipeline.java:498)
at java.util.stream.AbstractPipeline.copyInto(AbstractPipeline.java:485)
at java.util.stream.AbstractPipeline.wrapAndCopyInto(AbstractPipeline.java:471)
at java.util.stream.FindOps$FindOp.evaluateSequential(FindOps.java:152)
at java.util.stream.AbstractPipeline.evaluate(AbstractPipeline.java:234)
at java.util.stream.ReferencePipeline.findFirst(ReferencePipeline.java:464)
at org.openqa.selenium.remote.ProtocolHandshake.createSession(ProtocolHandshake.java:128)
at org.openqa.selenium.remote.ProtocolHandshake.createSession(ProtocolHandshake.java:74)
at org.openqa.selenium.remote.HttpCommandExecutor.execute(HttpCommandExecutor.java:136)
at org.openqa.selenium.remote.service.DriverCommandExecutor.execute(DriverCommandExecutor.java:83)
at org.openqa.selenium.remote.RemoteWebDriver.execute(RemoteWebDriver.java:552)
at org.openqa.selenium.remote.RemoteWebDriver.startSession(RemoteWebDriver.java:213)
at org.openqa.selenium.remote.RemoteWebDriver.<init>(RemoteWebDriver.java:131)
at org.openqa.selenium.chrome.ChromeDriver.<init>(ChromeDriver.java:181)
at org.openqa.selenium.chrome.ChromeDriver.<init>(ChromeDriver.java:168)
at org.openqa.selenium.chrome.ChromeDriver.<init>(ChromeDriver.java:123)
at SampleTest.test(SampleTest.java:12)
... Removed 29 stack frames]]>
    </failure>
  </testcase> <!-- test -->
</testsuite>
